
> VML_FileServer@1.0.0 vml_fileserver /home/kesara/Documents/VML_FileShare
> concurrently "npm run start" "npm run client"

[0] 
[0] > VML_FileServer@1.0.0 start /home/kesara/Documents/VML_FileShare
[0] > node server.js
[0] 
[1] 
[1] > VML_FileServer@1.0.0 client /home/kesara/Documents/VML_FileShare
[1] > npm start --prefix client
[1] 
[0] Server started at 10.101.160.77:4001
[1] 
[1] > client@0.1.0 start /home/kesara/Documents/VML_FileShare/client
[1] > PORT=4000 react-scripts start
[1] 
[1] [34mℹ[39m [90m｢wds｣[39m: Project is running at http://10.101.160.77/
[1] [34mℹ[39m [90m｢wds｣[39m: webpack output is served from 
[1] [34mℹ[39m [90m｢wds｣[39m: Content not from webpack is served from /home/kesara/Documents/VML_FileShare/client/public
[1] [34mℹ[39m [90m｢wds｣[39m: 404s will fallback to /
[1] Starting the development server...
[1] 
[1] Compiled successfully!
[1] 
[1] You can now view client in the browser.
[1] 
[1]   Local:            http://localhost:4000
[1]   On Your Network:  http://10.101.160.77:4000
[1] 
[1] Note that the development build is not optimized.
[1] To create a production build, use npm run build.
[1] 
[0] Sending File List
[0] Sending IP: 10.101.160.77 Port: 4001
[0] npm run start exited with code SIGINT
[1] npm run client exited with code SIGINT

> VML_FileServer@1.0.0 vml_fileserver /home/kesara/Documents/VML_FileShare
> concurrently "npm run start" "npm run client"

[0] 
[0] > VML_FileServer@1.0.0 start /home/kesara/Documents/VML_FileShare
[0] > node server.js
[0] 
[1] 
[1] > VML_FileServer@1.0.0 client /home/kesara/Documents/VML_FileShare
[1] > npm start --prefix client
[1] 
[0] Server started at 10.101.160.77:4001
[1] 
[1] > client@0.1.0 start /home/kesara/Documents/VML_FileShare/client
[1] > PORT=4000 react-scripts start
[1] 
[1] [34mℹ[39m [90m｢wds｣[39m: Project is running at http://10.101.160.77/
[1] [34mℹ[39m [90m｢wds｣[39m: webpack output is served from 
[1] [34mℹ[39m [90m｢wds｣[39m: Content not from webpack is served from /home/kesara/Documents/VML_FileShare/client/public
[1] [34mℹ[39m [90m｢wds｣[39m: 404s will fallback to /
[1] Starting the development server...
[1] 
[1] Compiled successfully!
[1] 
[1] You can now view client in the browser.
[1] 
[1]   Local:            http://localhost:4000
[1]   On Your Network:  http://10.101.160.77:4000
[1] 
[1] Note that the development build is not optimized.
[1] To create a production build, use npm run build.
[1] 
[0] Sending File List
[0] Sending IP: 10.101.160.77 Port: 4001
[0] Uploading ibug.zip
[0] Sending File List
[0] Deleting  ibug.zip
[0] Sending File List
